<?xml version="1.0" encoding="UTF-8"?>
<!-- Generated by org.testng.reporters.JUnitXMLReporter -->
<testsuite ignored="0" hostname="SnehaPC" failures="0" tests="3" name="Default test" time="14.291" errors="0" timestamp="2023-03-10T18:35:06 IST">
  <testcase classname="AutomationProject.AppLaunch" name="Url" time="0.351"/>
  <testcase classname="AutomationProject.AppLaunch" name="available" time="0.173"/>
  <testcase classname="AutomationProject.AppLaunch" name="storeUrls" time="9.326"/>
</testsuite> <!-- Default test -->
